Started by upstream project "[8mha:////4JZHvAMfAU4e9OfWiba7hlfE+JsJzL9UqHfm6l2NPFKxAAAAox+LCAAAAAAAAP9b85aBtbiIQTGjNKU4P08vOT+vOD8nVc83PyU1x6OyILUoJzMv2y+/JJUBAhiZGBgqihhk0NSjKDWzXb3RdlLBUSYGJk8GtpzUvPSSDB8G5tKinBIGIZ+sxLJE/ZzEvHT94JKizLx0a6BxUmjGOUNodHsLgAzBEgZx/az8JH3HgID4kGCX1Nx899QSl8SSRH0A/awLo8wAAAA=[0mAPP_TSDemoGetData" build number [8mha:////4GZoKw1+svA8qiDvAgSZARQbKYhM8skRKodwwgTSG4rCAAAApR+LCAAAAAAAAP9b85aBtbiIQTGjNKU4P08vOT+vOD8nVc83PyU1x6OyILUoJzMv2y+/JJUBAhiZGBgqihhk0NSjKDWzXb3RdlLBUSYGJk8GtpzUvPSSDB8G5tKinBIGIZ+sxLJE/ZzEvHT94JKizLx0a6BxUmjGOUNodHsLgAymEgZJ/az8JH3HgID4kGCX1Nx899QSl8SSRH0TMwDNsQwCzgAAAA==[0m46
originally caused by:
 Started by user [8mha:////4KURSn3OaMQL6bFrXuW5/3fXc55L78mMdzu6q+I/O50/AAAAlx+LCAAAAAAAAP9b85aBtbiIQTGjNKU4P08vOT+vOD8nVc83PyU1x6OyILUoJzMv2y+/JJUBAhiZGBgqihhk0NSjKDWzXb3RdlLBUSYGJk8GtpzUvPSSDB8G5tKinBIGIZ+sxLJE/ZzEvHT94JKizLx0a6BxUmjGOUNodHsLgAzWEgZu/dLi1CL9xJTczDwAj6GcLcAAAAA=[0madmin
Building in workspace /Users/Shared/Jenkins/Home/workspace/Deploy-DEV
 > git rev-parse --is-inside-work-tree # timeout=10
Fetching changes from the remote Git repository
 > git config remote.origin.url https://github.com/jcranfie/BW6Demo.git # timeout=10
Fetching upstream changes from https://github.com/jcranfie/BW6Demo.git
 > git --version # timeout=10
using GIT_ASKPASS to set credentials 
 > git fetch --tags --progress https://github.com/jcranfie/BW6Demo.git +refs/heads/*:refs/remotes/origin/*
 > git rev-parse refs/remotes/origin/master^{commit} # timeout=10
 > git rev-parse refs/remotes/origin/origin/master^{commit} # timeout=10
Checking out Revision 57b7ff8fc82e9902d1cb33276a5b896ce6df2646 (refs/remotes/origin/master)
 > git config core.sparsecheckout # timeout=10
 > git checkout -f 57b7ff8fc82e9902d1cb33276a5b896ce6df2646
Commit message: "Fix"
 > git rev-list --no-walk 9fe7ad0347e1051de45e0da7934fb17f1086ef84 # timeout=10
[Deploy-DEV] $ /bin/sh -xe /Users/Shared/Jenkins/tmp/jenkins282462164426402315.sh
+ echo APP_TSDemoGetData
APP_TSDemoGetData
+ echo APP_TSDemoGetData-AppSpace
APP_TSDemoGetData-AppSpace
+ echo TS-DOMAIN
TS-DOMAIN
+ echo 46
46
[Jenkins] $ /Users/Shared/Jenkins/Home/tools/hudson.tasks.Ant_AntInstallation/Ant-default/bin/ant -file ant-deploy.xml -DDOMAIN=TS-DOMAIN -DBUILD_JOB_VERSION=46 -DAPPSPACE=APP_TSDemoGetData-AppSpace -DAPPLICATION_NAME=APP_TSDemoGetData -Dapplication.name=APP_TSDemoGetData -Dapplication.version=46 -Denv.name=DEV deploy
Buildfile: /Users/Shared/Jenkins/Home/workspace/Deploy-DEV/Jenkins/ant-deploy.xml

[8mha:////4G4Msm6eXCh3UmxFLJYw4d6sniqLuE2f781FMntdH/s9AAAAYB+LCAAAAAAAAP9b85aBtbiIQT6jNKU4P0+vJLE4u1gvPjGvRM8xryQksSg9tcQvvyTVvqNr/s+Vl9uYGBgqihikoKqT8/OK83NS9ZwhNEghAwQwghQWAADROOumXQAAAA==[0mdeploy:
     [echo] Uploads, Deploys and Starts one BW application...
     [echo] 
     [echo] EAR File: 
   [delete] Deleting: /Users/Shared/Jenkins/Home/workspace/Deploy-DEV/Jenkins/build/APP_TSDemoGetData/46/scripts/deploy.bwadmin
     [echo] ${ECHO_PREFIX}Profile: ../jobs/APP_TSDemoGetData/builds/46/archive/Jenkins/ServiceProfiles/APP_TSDemoGetData-DEV
     [echo] 
     [echo] Executing /Users/juliancranfield/TIBCO-BW642/bw/6.4/bin/bwadmin --propFile /Users/juliancranfield/TIBCO-BW642/bw/6.4/bin/bwadmin.tra -config /Users/juliancranfield/TIBCO-BW642/bw/6.4/config/bwagent-DEV.ini -f ./build/APP_TSDemoGetData/46/scripts/deploy.bwadmin
     [echo] 
     [exec] TIBCO ActiveMatrix BusinessWorks version 6.4.2, hotfix 3, build V51, 2018-02-22
     [exec] Upload APP_TSDemoGetData.1.0.46.earError executing command *:upload missing value for option -domain
     [exec] 

[8mha:////4EDLFAfJCoNexkn8UQdl60niWJVv+wnWeAPxG+8F0SaWAAAAYB+LCAAAAAAAAP9b85aBtbiIQSGjNKU4P0+vJLE4u1gvPjGvRM8xr8S/tCQ5PzfVL78ktUuDM0uMry+HiYGhoohBCqo8OT+vOD8nVc8ZQoMUMkAAI0hhAQAUXUdTXgAAAA==[0mBUILD FAILED
/Users/Shared/Jenkins/Home/workspace/Deploy-DEV/Jenkins/ant-deploy.xml:49: exec returned: 1

Total time: 2 seconds
Build step 'Invoke Ant' marked build as failure
Finished: FAILURE
